16:37:33.307 [pool-1-thread-2] INFO  o.a.AndroidAnnotationProcessor:85 - Initialize AndroidAnnotations 3.0.1 with options {}
16:53:09.892 [pool-1-thread-2] INFO  o.a.AndroidAnnotationProcessor:85 - Initialize AndroidAnnotations 3.0.1 with options {}
16:53:30.104 [pool-1-thread-2] INFO  o.a.AndroidAnnotationProcessor:85 - Initialize AndroidAnnotations 3.0.1 with options {}
16:53:30.213 [pool-1-thread-2] INFO  o.a.AndroidAnnotationProcessor:109 - Start processing for 1 annotations on 1 elements
16:53:30.218 [pool-1-thread-2] DEBUG o.a.h.AndroidManifestFinder:137 - AndroidManifest.xml file found in parent folder /Users/mark/Development/androidAnnotationsSample: /Users/mark/Development/androidAnnotationsSample/AndroidManifest.xml
16:53:30.228 [pool-1-thread-2] INFO  o.a.AndroidAnnotationProcessor:172 - AndroidManifest.xml found: AndroidManifest [applicationPackage=com.example.androidAnnotationsSample, componentQualifiedNames=[com.example.androidAnnotationsSample.MyActivity], permissionQualifiedNames=[], applicationClassName=null, libraryProject=false, debugabble=false, minSdkVersion=19, maxSdkVersion=-1, targetSdkVersion=-1]
16:53:30.229 [pool-1-thread-2] INFO  o.a.r.ProjectRClassFinder:50 - Found project R class: com.example.androidAnnotationsSample.R
16:53:30.233 [pool-1-thread-2] INFO  o.a.r.AndroidRClassFinder:44 - Found Android class: android.R
16:53:30.276 [pool-1-thread-2] INFO  o.a.p.ModelValidator:42 - Validating elements
16:53:30.276 [pool-1-thread-2] DEBUG o.a.p.ModelValidator:62 - Validating with EActivityHandler: [com.example.androidAnnotationsSample.MyActivity]
16:53:30.281 [pool-1-thread-2] ERROR o.a.h.AnnotationHelper:110 - The AndroidManifest.xml file contains the original component, and not the AndroidAnnotations generated component. Please register MyActivity_ instead of MyActivity
16:53:30.281 [pool-1-thread-2] WARN  o.a.p.ModelValidator:69 - Element EActivityHandler unvalidated by 
16:53:30.291 [pool-1-thread-2] INFO  o.a.p.ModelProcessor:73 - Processing root elements
16:53:30.292 [pool-1-thread-2] INFO  o.a.p.ModelProcessor:104 - Processing enclosed elements
16:53:30.294 [pool-1-thread-2] INFO  o.a.AndroidAnnotationProcessor:251 - Number of files generated by AndroidAnnotations: 0
16:53:30.296 [pool-1-thread-2] INFO  o.a.g.ApiCodeGenerator:52 - Writting following API classes in project: []
16:53:30.298 [pool-1-thread-2] INFO  o.a.p.TimeStats:81 - Time measurements: [Whole Processing = 85 ms], [Find R Classes = 41 ms], [Extract Manifest = 12 ms], [Process Annotations = 11 ms], [Validate Annotations = 7 ms], [Generate Sources = 5 ms], [Extract Annotations = 2 ms], 
16:53:30.298 [pool-1-thread-2] INFO  o.a.AndroidAnnotationProcessor:123 - Finish processing
16:53:58.473 [pool-1-thread-2] INFO  o.a.AndroidAnnotationProcessor:85 - Initialize AndroidAnnotations 3.0.1 with options {}
16:53:58.561 [pool-1-thread-2] INFO  o.a.AndroidAnnotationProcessor:109 - Start processing for 1 annotations on 1 elements
16:53:58.566 [pool-1-thread-2] DEBUG o.a.h.AndroidManifestFinder:137 - AndroidManifest.xml file found in parent folder /Users/mark/Development/androidAnnotationsSample: /Users/mark/Development/androidAnnotationsSample/AndroidManifest.xml
16:53:58.575 [pool-1-thread-2] INFO  o.a.AndroidAnnotationProcessor:172 - AndroidManifest.xml found: AndroidManifest [applicationPackage=com.example.androidAnnotationsSample, componentQualifiedNames=[com.example.androidAnnotationsSample.MyActivity_], permissionQualifiedNames=[], applicationClassName=null, libraryProject=false, debugabble=false, minSdkVersion=19, maxSdkVersion=-1, targetSdkVersion=-1]
16:53:58.576 [pool-1-thread-2] INFO  o.a.r.ProjectRClassFinder:50 - Found project R class: com.example.androidAnnotationsSample.R
16:53:58.582 [pool-1-thread-2] INFO  o.a.r.AndroidRClassFinder:44 - Found Android class: android.R
16:53:58.630 [pool-1-thread-2] INFO  o.a.p.ModelValidator:42 - Validating elements
16:53:58.630 [pool-1-thread-2] DEBUG o.a.p.ModelValidator:62 - Validating with EActivityHandler: [com.example.androidAnnotationsSample.MyActivity]
16:53:58.655 [pool-1-thread-2] INFO  o.a.p.ModelProcessor:73 - Processing root elements
16:53:58.655 [pool-1-thread-2] DEBUG o.a.p.ModelProcessor:80 - Processing root elements EActivityHandler: [com.example.androidAnnotationsSample.MyActivity]
16:53:58.702 [pool-1-thread-2] INFO  o.a.p.ModelProcessor:104 - Processing enclosed elements
16:53:58.703 [pool-1-thread-2] INFO  o.a.AndroidAnnotationProcessor:251 - Number of files generated by AndroidAnnotations: 1
16:53:58.705 [pool-1-thread-2] INFO  o.a.g.ApiCodeGenerator:52 - Writting following API classes in project: []
16:53:58.706 [pool-1-thread-2] DEBUG o.a.g.SourceCodewriter:55 - Generating class: com.example.androidAnnotationsSample.MyActivity_
16:53:58.728 [pool-1-thread-2] INFO  o.a.p.TimeStats:81 - Time measurements: [Whole Processing = 168 ms], [Process Annotations = 67 ms], [Find R Classes = 47 ms], [Generate Sources = 25 ms], [Extract Manifest = 10 ms], [Validate Annotations = 7 ms], [Extract Annotations = 3 ms], 
16:53:58.729 [pool-1-thread-2] INFO  o.a.AndroidAnnotationProcessor:123 - Finish processing
16:59:19.32 [pool-1-thread-2] INFO  o.a.AndroidAnnotationProcessor:85 - Initialize AndroidAnnotations 3.0.1 with options {}
16:59:19.129 [pool-1-thread-2] INFO  o.a.AndroidAnnotationProcessor:109 - Start processing for 2 annotations on 2 elements
16:59:19.135 [pool-1-thread-2] DEBUG o.a.h.AndroidManifestFinder:137 - AndroidManifest.xml file found in parent folder /Users/mark/Development/androidAnnotationsSample: /Users/mark/Development/androidAnnotationsSample/AndroidManifest.xml
16:59:19.143 [pool-1-thread-2] INFO  o.a.AndroidAnnotationProcessor:172 - AndroidManifest.xml found: AndroidManifest [applicationPackage=com.example.androidAnnotationsSample, componentQualifiedNames=[com.example.androidAnnotationsSample.MyActivity_], permissionQualifiedNames=[], applicationClassName=null, libraryProject=false, debugabble=false, minSdkVersion=19, maxSdkVersion=-1, targetSdkVersion=-1]
16:59:19.144 [pool-1-thread-2] INFO  o.a.r.ProjectRClassFinder:50 - Found project R class: com.example.androidAnnotationsSample.R
16:59:19.147 [pool-1-thread-2] INFO  o.a.r.AndroidRClassFinder:44 - Found Android class: android.R
16:59:19.190 [pool-1-thread-2] INFO  o.a.p.ModelValidator:42 - Validating elements
16:59:19.190 [pool-1-thread-2] DEBUG o.a.p.ModelValidator:62 - Validating with EActivityHandler: [com.example.androidAnnotationsSample.MyActivity]
16:59:19.195 [pool-1-thread-2] DEBUG o.a.p.ModelValidator:62 - Validating with ViewByIdHandler: [beerCountView, addBeerButton]
16:59:19.211 [pool-1-thread-2] INFO  o.a.p.ModelProcessor:73 - Processing root elements
16:59:19.211 [pool-1-thread-2] DEBUG o.a.p.ModelProcessor:80 - Processing root elements EActivityHandler: [com.example.androidAnnotationsSample.MyActivity]
16:59:19.253 [pool-1-thread-2] INFO  o.a.p.ModelProcessor:104 - Processing enclosed elements
16:59:19.255 [pool-1-thread-2] INFO  o.a.AndroidAnnotationProcessor:251 - Number of files generated by AndroidAnnotations: 1
16:59:19.256 [pool-1-thread-2] INFO  o.a.g.ApiCodeGenerator:52 - Writting following API classes in project: []
16:59:19.258 [pool-1-thread-2] DEBUG o.a.g.SourceCodewriter:55 - Generating class: com.example.androidAnnotationsSample.MyActivity_
16:59:19.284 [pool-1-thread-2] INFO  o.a.p.TimeStats:81 - Time measurements: [Whole Processing = 156 ms], [Process Annotations = 56 ms], [Find R Classes = 38 ms], [Generate Sources = 29 ms], [Extract Manifest = 10 ms], [Validate Annotations = 9 ms], [Extract Annotations = 4 ms], 
16:59:19.285 [pool-1-thread-2] INFO  o.a.AndroidAnnotationProcessor:123 - Finish processing
17:02:00.36 [pool-1-thread-2] INFO  o.a.AndroidAnnotationProcessor:85 - Initialize AndroidAnnotations 3.0.1 with options {}
17:02:00.121 [pool-1-thread-2] INFO  o.a.AndroidAnnotationProcessor:109 - Start processing for 2 annotations on 1 elements
17:02:00.127 [pool-1-thread-2] DEBUG o.a.h.AndroidManifestFinder:137 - AndroidManifest.xml file found in parent folder /Users/mark/Development/androidAnnotationsSample: /Users/mark/Development/androidAnnotationsSample/AndroidManifest.xml
17:02:00.134 [pool-1-thread-2] INFO  o.a.AndroidAnnotationProcessor:172 - AndroidManifest.xml found: AndroidManifest [applicationPackage=com.example.androidAnnotationsSample, componentQualifiedNames=[com.example.androidAnnotationsSample.MyActivity_], permissionQualifiedNames=[], applicationClassName=null, libraryProject=false, debugabble=false, minSdkVersion=19, maxSdkVersion=-1, targetSdkVersion=-1]
17:02:00.135 [pool-1-thread-2] INFO  o.a.r.ProjectRClassFinder:50 - Found project R class: com.example.androidAnnotationsSample.R
17:02:00.140 [pool-1-thread-2] INFO  o.a.r.AndroidRClassFinder:44 - Found Android class: android.R
17:02:00.180 [pool-1-thread-2] INFO  o.a.p.ModelValidator:42 - Validating elements
17:02:00.180 [pool-1-thread-2] DEBUG o.a.p.ModelValidator:62 - Validating with EActivityHandler: [com.example.androidAnnotationsSample.MyActivity]
17:02:00.184 [pool-1-thread-2] DEBUG o.a.p.ModelValidator:62 - Validating with ViewByIdHandler: [beerCountView, addBeerButton]
17:02:00.195 [pool-1-thread-2] INFO  o.a.p.ModelProcessor:73 - Processing root elements
17:02:00.195 [pool-1-thread-2] DEBUG o.a.p.ModelProcessor:80 - Processing root elements EActivityHandler: [com.example.androidAnnotationsSample.MyActivity]
17:02:00.233 [pool-1-thread-2] INFO  o.a.p.ModelProcessor:104 - Processing enclosed elements
17:02:00.234 [pool-1-thread-2] INFO  o.a.AndroidAnnotationProcessor:251 - Number of files generated by AndroidAnnotations: 1
17:02:00.236 [pool-1-thread-2] INFO  o.a.g.ApiCodeGenerator:52 - Writting following API classes in project: []
17:02:00.237 [pool-1-thread-2] DEBUG o.a.g.SourceCodewriter:55 - Generating class: com.example.androidAnnotationsSample.MyActivity_
17:02:00.261 [pool-1-thread-2] INFO  o.a.p.TimeStats:81 - Time measurements: [Whole Processing = 140 ms], [Process Annotations = 47 ms], [Find R Classes = 39 ms], [Generate Sources = 27 ms], [Extract Manifest = 8 ms], [Validate Annotations = 8 ms], [Extract Annotations = 3 ms], 
17:02:00.261 [pool-1-thread-2] INFO  o.a.AndroidAnnotationProcessor:123 - Finish processing
17:03:41.674 [pool-1-thread-2] INFO  o.a.AndroidAnnotationProcessor:85 - Initialize AndroidAnnotations 3.0.1 with options {}
17:03:41.768 [pool-1-thread-2] INFO  o.a.AndroidAnnotationProcessor:109 - Start processing for 1 annotations on 1 elements
17:03:41.772 [pool-1-thread-2] DEBUG o.a.h.AndroidManifestFinder:137 - AndroidManifest.xml file found in parent folder /Users/mark/Development/androidAnnotationsSample: /Users/mark/Development/androidAnnotationsSample/AndroidManifest.xml
17:03:41.778 [pool-1-thread-2] INFO  o.a.AndroidAnnotationProcessor:172 - AndroidManifest.xml found: AndroidManifest [applicationPackage=com.example.androidAnnotationsSample, componentQualifiedNames=[com.example.androidAnnotationsSample.MyActivity_], permissionQualifiedNames=[], applicationClassName=null, libraryProject=false, debugabble=false, minSdkVersion=19, maxSdkVersion=-1, targetSdkVersion=-1]
17:03:41.779 [pool-1-thread-2] INFO  o.a.r.ProjectRClassFinder:50 - Found project R class: com.example.androidAnnotationsSample.R
17:03:41.784 [pool-1-thread-2] INFO  o.a.r.AndroidRClassFinder:44 - Found Android class: android.R
17:03:41.824 [pool-1-thread-2] INFO  o.a.p.ModelValidator:42 - Validating elements
17:03:41.825 [pool-1-thread-2] DEBUG o.a.p.ModelValidator:62 - Validating with ViewByIdHandler: [beerCountView]
17:03:41.827 [pool-1-thread-2] ERROR o.a.h.AnnotationHelper:110 - @org.androidannotations.annotations.ViewById can only be used in a class annotated with @org.androidannotations.annotations.EActivity, @org.androidannotations.annotations.EViewGroup, @org.androidannotations.annotations.EView, @org.androidannotations.annotations.EBean, @org.androidannotations.annotations.EFragment.
17:03:41.831 [pool-1-thread-2] WARN  o.a.p.ModelValidator:69 - Element ViewByIdHandler unvalidated by 
17:03:41.839 [pool-1-thread-2] INFO  o.a.p.ModelProcessor:73 - Processing root elements
17:03:41.839 [pool-1-thread-2] INFO  o.a.p.ModelProcessor:104 - Processing enclosed elements
17:03:41.840 [pool-1-thread-2] INFO  o.a.AndroidAnnotationProcessor:251 - Number of files generated by AndroidAnnotations: 0
17:03:41.843 [pool-1-thread-2] INFO  o.a.g.ApiCodeGenerator:52 - Writting following API classes in project: []
17:03:41.844 [pool-1-thread-2] INFO  o.a.p.TimeStats:81 - Time measurements: [Whole Processing = 77 ms], [Find R Classes = 40 ms], [Validate Annotations = 8 ms], [Process Annotations = 8 ms], [Extract Manifest = 7 ms], [Generate Sources = 4 ms], [Extract Annotations = 2 ms], 
17:03:41.845 [pool-1-thread-2] INFO  o.a.AndroidAnnotationProcessor:123 - Finish processing
17:04:00.892 [pool-1-thread-2] INFO  o.a.AndroidAnnotationProcessor:85 - Initialize AndroidAnnotations 3.0.1 with options {}
17:04:00.974 [pool-1-thread-2] INFO  o.a.AndroidAnnotationProcessor:109 - Start processing for 2 annotations on 1 elements
17:04:00.980 [pool-1-thread-2] DEBUG o.a.h.AndroidManifestFinder:137 - AndroidManifest.xml file found in parent folder /Users/mark/Development/androidAnnotationsSample: /Users/mark/Development/androidAnnotationsSample/AndroidManifest.xml
17:04:00.987 [pool-1-thread-2] INFO  o.a.AndroidAnnotationProcessor:172 - AndroidManifest.xml found: AndroidManifest [applicationPackage=com.example.androidAnnotationsSample, componentQualifiedNames=[com.example.androidAnnotationsSample.MyActivity_], permissionQualifiedNames=[], applicationClassName=null, libraryProject=false, debugabble=false, minSdkVersion=19, maxSdkVersion=-1, targetSdkVersion=-1]
17:04:00.988 [pool-1-thread-2] INFO  o.a.r.ProjectRClassFinder:50 - Found project R class: com.example.androidAnnotationsSample.R
17:04:00.991 [pool-1-thread-2] INFO  o.a.r.AndroidRClassFinder:44 - Found Android class: android.R
17:04:01.32 [pool-1-thread-2] INFO  o.a.p.ModelValidator:42 - Validating elements
17:04:01.32 [pool-1-thread-2] DEBUG o.a.p.ModelValidator:62 - Validating with EActivityHandler: [com.example.androidAnnotationsSample.MyActivity]
17:04:01.37 [pool-1-thread-2] DEBUG o.a.p.ModelValidator:62 - Validating with ViewByIdHandler: [beerCountView]
17:04:01.46 [pool-1-thread-2] INFO  o.a.p.ModelProcessor:73 - Processing root elements
17:04:01.47 [pool-1-thread-2] DEBUG o.a.p.ModelProcessor:80 - Processing root elements EActivityHandler: [com.example.androidAnnotationsSample.MyActivity]
17:04:01.77 [pool-1-thread-2] INFO  o.a.p.ModelProcessor:104 - Processing enclosed elements
17:04:01.79 [pool-1-thread-2] INFO  o.a.AndroidAnnotationProcessor:251 - Number of files generated by AndroidAnnotations: 1
17:04:01.89 [pool-1-thread-2] INFO  o.a.g.ApiCodeGenerator:52 - Writting following API classes in project: []
17:04:01.90 [pool-1-thread-2] DEBUG o.a.g.SourceCodewriter:55 - Generating class: com.example.androidAnnotationsSample.MyActivity_
17:04:01.112 [pool-1-thread-2] INFO  o.a.p.TimeStats:81 - Time measurements: [Whole Processing = 138 ms], [Process Annotations = 40 ms], [Find R Classes = 37 ms], [Generate Sources = 33 ms], [Extract Manifest = 9 ms], [Validate Annotations = 7 ms], [Extract Annotations = 3 ms], 
17:04:01.113 [pool-1-thread-2] INFO  o.a.AndroidAnnotationProcessor:123 - Finish processing
17:04:46.973 [pool-1-thread-2] INFO  o.a.AndroidAnnotationProcessor:85 - Initialize AndroidAnnotations 3.0.1 with options {}
17:04:47.71 [pool-1-thread-2] INFO  o.a.AndroidAnnotationProcessor:109 - Start processing for 2 annotations on 1 elements
17:04:47.76 [pool-1-thread-2] DEBUG o.a.h.AndroidManifestFinder:137 - AndroidManifest.xml file found in parent folder /Users/mark/Development/androidAnnotationsSample: /Users/mark/Development/androidAnnotationsSample/AndroidManifest.xml
17:04:47.86 [pool-1-thread-2] INFO  o.a.AndroidAnnotationProcessor:172 - AndroidManifest.xml found: AndroidManifest [applicationPackage=com.example.androidAnnotationsSample, componentQualifiedNames=[com.example.androidAnnotationsSample.MyActivity_], permissionQualifiedNames=[], applicationClassName=null, libraryProject=false, debugabble=false, minSdkVersion=19, maxSdkVersion=-1, targetSdkVersion=-1]
17:04:47.88 [pool-1-thread-2] INFO  o.a.r.ProjectRClassFinder:50 - Found project R class: com.example.androidAnnotationsSample.R
17:04:47.93 [pool-1-thread-2] INFO  o.a.r.AndroidRClassFinder:44 - Found Android class: android.R
17:04:47.143 [pool-1-thread-2] INFO  o.a.p.ModelValidator:42 - Validating elements
17:04:47.143 [pool-1-thread-2] DEBUG o.a.p.ModelValidator:62 - Validating with EActivityHandler: [com.example.androidAnnotationsSample.MyActivity]
17:04:47.149 [pool-1-thread-2] DEBUG o.a.p.ModelValidator:62 - Validating with ViewByIdHandler: [beerCountView]
17:04:47.163 [pool-1-thread-2] INFO  o.a.p.ModelProcessor:73 - Processing root elements
17:04:47.163 [pool-1-thread-2] DEBUG o.a.p.ModelProcessor:80 - Processing root elements EActivityHandler: [com.example.androidAnnotationsSample.MyActivity]
17:04:47.204 [pool-1-thread-2] INFO  o.a.p.ModelProcessor:104 - Processing enclosed elements
17:04:47.207 [pool-1-thread-2] INFO  o.a.AndroidAnnotationProcessor:251 - Number of files generated by AndroidAnnotations: 1
17:04:47.208 [pool-1-thread-2] INFO  o.a.g.ApiCodeGenerator:52 - Writting following API classes in project: []
17:04:47.223 [pool-1-thread-2] DEBUG o.a.g.SourceCodewriter:55 - Generating class: com.example.androidAnnotationsSample.MyActivity_
17:04:47.247 [pool-1-thread-2] INFO  o.a.p.TimeStats:81 - Time measurements: [Whole Processing = 177 ms], [Process Annotations = 54 ms], [Find R Classes = 45 ms], [Generate Sources = 40 ms], [Extract Manifest = 11 ms], [Validate Annotations = 11 ms], [Extract Annotations = 3 ms], 
17:04:47.248 [pool-1-thread-2] INFO  o.a.AndroidAnnotationProcessor:123 - Finish processing
17:05:53.590 [pool-1-thread-2] INFO  o.a.AndroidAnnotationProcessor:85 - Initialize AndroidAnnotations 3.0.1 with options {}
17:05:53.671 [pool-1-thread-2] INFO  o.a.AndroidAnnotationProcessor:109 - Start processing for 2 annotations on 1 elements
17:05:53.676 [pool-1-thread-2] DEBUG o.a.h.AndroidManifestFinder:137 - AndroidManifest.xml file found in parent folder /Users/mark/Development/androidAnnotationsSample: /Users/mark/Development/androidAnnotationsSample/AndroidManifest.xml
17:05:53.683 [pool-1-thread-2] INFO  o.a.AndroidAnnotationProcessor:172 - AndroidManifest.xml found: AndroidManifest [applicationPackage=com.example.androidAnnotationsSample, componentQualifiedNames=[com.example.androidAnnotationsSample.MyActivity_], permissionQualifiedNames=[], applicationClassName=null, libraryProject=false, debugabble=false, minSdkVersion=19, maxSdkVersion=-1, targetSdkVersion=-1]
17:05:53.684 [pool-1-thread-2] INFO  o.a.r.ProjectRClassFinder:50 - Found project R class: com.example.androidAnnotationsSample.R
17:05:53.688 [pool-1-thread-2] INFO  o.a.r.AndroidRClassFinder:44 - Found Android class: android.R
17:05:53.728 [pool-1-thread-2] INFO  o.a.p.ModelValidator:42 - Validating elements
17:05:53.729 [pool-1-thread-2] DEBUG o.a.p.ModelValidator:62 - Validating with EActivityHandler: [com.example.androidAnnotationsSample.MyActivity]
17:05:53.733 [pool-1-thread-2] DEBUG o.a.p.ModelValidator:62 - Validating with ViewByIdHandler: [beerCountView]
17:05:53.743 [pool-1-thread-2] INFO  o.a.p.ModelProcessor:73 - Processing root elements
17:05:53.743 [pool-1-thread-2] DEBUG o.a.p.ModelProcessor:80 - Processing root elements EActivityHandler: [com.example.androidAnnotationsSample.MyActivity]
17:05:53.781 [pool-1-thread-2] INFO  o.a.p.ModelProcessor:104 - Processing enclosed elements
17:05:53.783 [pool-1-thread-2] INFO  o.a.AndroidAnnotationProcessor:251 - Number of files generated by AndroidAnnotations: 1
17:05:53.784 [pool-1-thread-2] INFO  o.a.g.ApiCodeGenerator:52 - Writting following API classes in project: []
17:05:53.786 [pool-1-thread-2] DEBUG o.a.g.SourceCodewriter:55 - Generating class: com.example.androidAnnotationsSample.MyActivity_
17:05:53.807 [pool-1-thread-2] INFO  o.a.p.TimeStats:81 - Time measurements: [Whole Processing = 135 ms], [Process Annotations = 48 ms], [Find R Classes = 39 ms], [Generate Sources = 23 ms], [Extract Manifest = 8 ms], [Validate Annotations = 7 ms], [Extract Annotations = 3 ms], 
17:05:53.807 [pool-1-thread-2] INFO  o.a.AndroidAnnotationProcessor:123 - Finish processing
17:07:14.49 [pool-1-thread-2] INFO  o.a.AndroidAnnotationProcessor:85 - Initialize AndroidAnnotations 3.0.1 with options {}
17:07:14.150 [pool-1-thread-2] INFO  o.a.AndroidAnnotationProcessor:109 - Start processing for 3 annotations on 1 elements
17:07:14.156 [pool-1-thread-2] DEBUG o.a.h.AndroidManifestFinder:137 - AndroidManifest.xml file found in parent folder /Users/mark/Development/androidAnnotationsSample: /Users/mark/Development/androidAnnotationsSample/AndroidManifest.xml
17:07:14.165 [pool-1-thread-2] INFO  o.a.AndroidAnnotationProcessor:172 - AndroidManifest.xml found: AndroidManifest [applicationPackage=com.example.androidAnnotationsSample, componentQualifiedNames=[com.example.androidAnnotationsSample.MyActivity_], permissionQualifiedNames=[], applicationClassName=null, libraryProject=false, debugabble=false, minSdkVersion=19, maxSdkVersion=-1, targetSdkVersion=-1]
17:07:14.166 [pool-1-thread-2] INFO  o.a.r.ProjectRClassFinder:50 - Found project R class: com.example.androidAnnotationsSample.R
17:07:14.171 [pool-1-thread-2] INFO  o.a.r.AndroidRClassFinder:44 - Found Android class: android.R
17:07:14.212 [pool-1-thread-2] INFO  o.a.p.ModelValidator:42 - Validating elements
17:07:14.213 [pool-1-thread-2] DEBUG o.a.p.ModelValidator:62 - Validating with EActivityHandler: [com.example.androidAnnotationsSample.MyActivity]
17:07:14.217 [pool-1-thread-2] DEBUG o.a.p.ModelValidator:62 - Validating with ViewByIdHandler: [beerCountView]
17:07:14.219 [pool-1-thread-2] DEBUG o.a.p.ModelValidator:62 - Validating with ClickHandler: [addBeerButtonClicked()]
17:07:14.229 [pool-1-thread-2] INFO  o.a.p.ModelProcessor:73 - Processing root elements
17:07:14.230 [pool-1-thread-2] DEBUG o.a.p.ModelProcessor:80 - Processing root elements EActivityHandler: [com.example.androidAnnotationsSample.MyActivity]
17:07:14.267 [pool-1-thread-2] INFO  o.a.p.ModelProcessor:104 - Processing enclosed elements
17:07:14.269 [pool-1-thread-2] INFO  o.a.AndroidAnnotationProcessor:251 - Number of files generated by AndroidAnnotations: 1
17:07:14.271 [pool-1-thread-2] INFO  o.a.g.ApiCodeGenerator:52 - Writting following API classes in project: []
17:07:14.272 [pool-1-thread-2] DEBUG o.a.g.SourceCodewriter:55 - Generating class: com.example.androidAnnotationsSample.MyActivity_
17:07:14.296 [pool-1-thread-2] INFO  o.a.p.TimeStats:81 - Time measurements: [Whole Processing = 146 ms], [Process Annotations = 47 ms], [Find R Classes = 39 ms], [Generate Sources = 27 ms], [Extract Manifest = 10 ms], [Validate Annotations = 10 ms], [Extract Annotations = 3 ms], 
17:07:14.297 [pool-1-thread-2] INFO  o.a.AndroidAnnotationProcessor:123 - Finish processing
17:18:36.164 [pool-1-thread-2] INFO  o.a.AndroidAnnotationProcessor:85 - Initialize AndroidAnnotations 3.0.1 with options {}
17:18:36.253 [pool-1-thread-2] INFO  o.a.AndroidAnnotationProcessor:109 - Start processing for 7 annotations on 1 elements
17:18:36.259 [pool-1-thread-2] DEBUG o.a.h.AndroidManifestFinder:137 - AndroidManifest.xml file found in parent folder /Users/mark/Development/androidAnnotationsSample: /Users/mark/Development/androidAnnotationsSample/AndroidManifest.xml
17:18:36.272 [pool-1-thread-2] INFO  o.a.AndroidAnnotationProcessor:172 - AndroidManifest.xml found: AndroidManifest [applicationPackage=com.example.androidAnnotationsSample, componentQualifiedNames=[com.example.androidAnnotationsSample.MyActivity_], permissionQualifiedNames=[], applicationClassName=null, libraryProject=false, debugabble=false, minSdkVersion=19, maxSdkVersion=-1, targetSdkVersion=-1]
17:18:36.274 [pool-1-thread-2] INFO  o.a.r.ProjectRClassFinder:50 - Found project R class: com.example.androidAnnotationsSample.R
17:18:36.277 [pool-1-thread-2] INFO  o.a.r.AndroidRClassFinder:44 - Found Android class: android.R
17:18:36.334 [pool-1-thread-2] INFO  o.a.p.ModelValidator:42 - Validating elements
17:18:36.334 [pool-1-thread-2] DEBUG o.a.p.ModelValidator:62 - Validating with EActivityHandler: [com.example.androidAnnotationsSample.MyActivity]
17:18:36.340 [pool-1-thread-2] DEBUG o.a.p.ModelValidator:62 - Validating with ViewByIdHandler: [beerCountView]
17:18:36.342 [pool-1-thread-2] DEBUG o.a.p.ModelValidator:62 - Validating with ClickHandler: [addBeerButtonClicked()]
17:18:36.344 [pool-1-thread-2] DEBUG o.a.p.ModelValidator:62 - Validating with OptionsMenuHandler: [com.example.androidAnnotationsSample.MyActivity]
17:18:36.346 [pool-1-thread-2] DEBUG o.a.p.ModelValidator:62 - Validating with OptionsItemHandler: [emergencySelected()]
17:18:36.348 [pool-1-thread-2] DEBUG o.a.p.ModelValidator:62 - Validating with UiThreadHandler: [beerCountLoaded(int)]
17:18:36.349 [pool-1-thread-2] DEBUG o.a.p.ModelValidator:62 - Validating with BackgroundHandler: [saveBeerCount(int), loadBeerCount()]
17:18:36.356 [pool-1-thread-2] INFO  o.a.p.ModelProcessor:73 - Processing root elements
17:18:36.357 [pool-1-thread-2] DEBUG o.a.p.ModelProcessor:80 - Processing root elements EActivityHandler: [com.example.androidAnnotationsSample.MyActivity]
17:18:36.390 [pool-1-thread-2] INFO  o.a.p.ModelProcessor:104 - Processing enclosed elements
17:18:36.401 [pool-1-thread-2] INFO  o.a.AndroidAnnotationProcessor:251 - Number of files generated by AndroidAnnotations: 1
17:18:36.403 [pool-1-thread-2] INFO  o.a.g.ApiCodeGenerator:52 - Writting following API classes in project: []
17:18:36.404 [pool-1-thread-2] DEBUG o.a.g.SourceCodewriter:55 - Generating class: com.example.androidAnnotationsSample.MyActivity_
17:18:36.446 [pool-1-thread-2] INFO  o.a.p.TimeStats:81 - Time measurements: [Whole Processing = 193 ms], [Process Annotations = 52 ms], [Find R Classes = 47 ms], [Generate Sources = 45 ms], [Validate Annotations = 16 ms], [Extract Manifest = 15 ms], [Extract Annotations = 4 ms], 
17:18:36.447 [pool-1-thread-2] INFO  o.a.AndroidAnnotationProcessor:123 - Finish processing
